<?xml version="1.0" encoding="UTF-8"?>
<!-- Generated by org.testng.reporters.JUnitXMLReporter -->
<testsuite ignored="0" hostname="LAPTOP-UN5I8D3I" failures="0" tests="3" name="Swag Labs Test" time="25.49" errors="0" timestamp="2023-10-10T17:54:05 IST">
  <testcase classname="steps.Find_Number_Of_Items" name="run_Find_Number_Of_Items" time="7.669"/>
  <testcase classname="steps.Cart" name="RunCard" time="8.37"/>
  <testcase classname="steps.AddToCart" name="runAddToCart" time="9.395"/>
</testsuite> <!-- Swag Labs Test -->
